{"total": {"lines":{"total":97,"covered":86,"skipped":0,"pct":88.65},"statements":{"total":97,"covered":86,"skipped":0,"pct":88.65},"functions":{"total":10,"covered":10,"skipped":0,"pct":100},"branches":{"total":87,"covered":63,"skipped":0,"pct":72.41},"branchesTrue":{"total":0,"covered":0,"skipped":0,"pct":"Unknown"}}
,"/home/runner/work/react-split/react-split/core/src/index.tsx": {"lines":{"total":97,"covered":86,"skipped":0,"pct":88.65},"functions":{"total":10,"covered":10,"skipped":0,"pct":100},"statements":{"total":97,"covered":86,"skipped":0,"pct":88.65},"branches":{"total":87,"covered":63,"skipped":0,"pct":72.41}}
}
