TN:
SF:core/src/index.tsx
FN:35,(anonymous_0)
FN:69,(anonymous_1)
FN:75,(anonymous_2)
FN:123,(anonymous_3)
FN:131,(anonymous_4)
FN:159,(anonymous_5)
FN:160,(anonymous_6)
FN:173,(anonymous_7)
FN:196,(anonymous_8)
FN:202,(anonymous_9)
FNF:10
FNH:5
FNDA:4,(anonymous_0)
FNDA:4,(anonymous_1)
FNDA:0,(anonymous_2)
FNDA:0,(anonymous_3)
FNDA:0,(anonymous_4)
FNDA:4,(anonymous_5)
FNDA:4,(anonymous_6)
FNDA:8,(anonymous_7)
FNDA:0,(anonymous_8)
FNDA:0,(anonymous_9)
DA:35,1
DA:49,4
DA:50,4
DA:52,4
DA:53,4
DA:54,4
DA:55,4
DA:56,4
DA:57,4
DA:59,4
DA:60,4
DA:61,4
DA:62,4
DA:63,4
DA:64,4
DA:66,4
DA:67,4
DA:69,4
DA:70,4
DA:71,4
DA:74,4
DA:76,0
DA:77,0
DA:79,0
DA:80,0
DA:82,0
DA:83,0
DA:84,0
DA:85,0
DA:86,0
DA:87,0
DA:88,0
DA:89,0
DA:90,0
DA:91,0
DA:92,0
DA:94,0
DA:96,0
DA:98,0
DA:99,0
DA:100,0
DA:103,0
DA:104,0
DA:105,0
DA:106,0
DA:108,0
DA:110,0
DA:111,0
DA:113,0
DA:114,0
DA:115,0
DA:118,0
DA:123,4
DA:124,0
DA:125,0
DA:126,0
DA:127,0
DA:130,4
DA:132,0
DA:133,0
DA:135,0
DA:136,0
DA:137,0
DA:138,0
DA:139,0
DA:140,0
DA:141,0
DA:142,0
DA:143,0
DA:144,0
DA:145,0
DA:146,0
DA:148,0
DA:149,0
DA:150,0
DA:152,0
DA:153,0
DA:154,0
DA:159,4
DA:160,4
DA:161,4
DA:165,4
DA:169,4
DA:171,4
DA:174,8
DA:178,8
DA:179,8
DA:189,8
DA:190,2
DA:192,8
DA:193,8
DA:194,0
DA:196,0
DA:198,8
DA:199,1
DA:202,0
DA:205,8
LF:97
LH:39
BRDA:37,0,0,4
BRDA:38,1,0,1
BRDA:39,2,0,2
BRDA:42,3,0,3
BRDA:42,4,0,3
BRDA:42,4,1,3
BRDA:76,5,0,0
BRDA:76,5,1,0
BRDA:79,6,0,0
BRDA:79,6,1,0
BRDA:88,7,0,0
BRDA:88,7,1,0
BRDA:89,8,0,0
BRDA:89,8,1,0
BRDA:90,9,0,0
BRDA:90,9,1,0
BRDA:91,10,0,0
BRDA:91,10,1,0
BRDA:91,11,0,0
BRDA:91,11,1,0
BRDA:95,12,0,0
BRDA:95,12,1,0
BRDA:97,13,0,0
BRDA:97,13,1,0
BRDA:98,14,0,0
BRDA:98,14,1,0
BRDA:98,15,0,0
BRDA:98,15,1,0
BRDA:103,16,0,0
BRDA:103,16,1,0
BRDA:103,17,0,0
BRDA:103,17,1,0
BRDA:103,17,2,0
BRDA:104,18,0,0
BRDA:104,18,1,0
BRDA:105,19,0,0
BRDA:105,19,1,0
BRDA:107,20,0,0
BRDA:107,20,1,0
BRDA:109,21,0,0
BRDA:109,21,1,0
BRDA:110,22,0,0
BRDA:110,22,1,0
BRDA:110,23,0,0
BRDA:110,23,1,0
BRDA:113,24,0,0
BRDA:113,24,1,0
BRDA:113,25,0,0
BRDA:113,25,1,0
BRDA:118,26,0,0
BRDA:118,26,1,0
BRDA:125,27,0,0
BRDA:125,27,1,0
BRDA:132,28,0,0
BRDA:132,28,1,0
BRDA:132,29,0,0
BRDA:132,29,1,0
BRDA:144,30,0,0
BRDA:144,30,1,0
BRDA:148,31,0,0
BRDA:148,31,1,0
BRDA:165,32,0,0
BRDA:165,32,1,4
BRDA:178,33,0,8
BRDA:178,33,1,6
BRDA:178,33,2,0
BRDA:178,33,3,6
BRDA:182,34,0,1
BRDA:182,34,1,7
BRDA:183,35,0,7
BRDA:183,35,1,1
BRDA:189,36,0,2
BRDA:189,36,1,6
BRDA:189,37,0,8
BRDA:189,37,1,6
BRDA:189,37,2,0
BRDA:190,38,0,2
BRDA:190,38,1,0
BRDA:193,39,0,0
BRDA:193,39,1,8
BRDA:193,40,0,8
BRDA:193,40,1,4
BRDA:193,40,2,1
BRDA:198,41,0,1
BRDA:198,41,1,7
BRDA:198,42,0,8
BRDA:198,42,1,4
BRF:87
BRH:27
end_of_record
