TN:
SF:core/src/index.tsx
FN:59,(anonymous_0)
FN:64,(anonymous_1)
FN:67,(anonymous_2)
FN:71,(anonymous_3)
FN:96,(anonymous_4)
FN:138,(anonymous_5)
FN:145,(anonymous_6)
FN:166,(anonymous_7)
FN:167,(anonymous_8)
FNF:9
FNH:6
FNDA:4,(anonymous_0)
FNDA:4,(anonymous_1)
FNDA:4,(anonymous_2)
FNDA:0,(anonymous_3)
FNDA:0,(anonymous_4)
FNDA:0,(anonymous_5)
FNDA:4,(anonymous_6)
FNDA:8,(anonymous_7)
FNDA:8,(anonymous_8)
DA:35,1
DA:40,4
DA:60,4
DA:61,4
DA:62,4
DA:65,4
DA:68,4
DA:69,4
DA:72,0
DA:73,0
DA:75,0
DA:76,0
DA:77,0
DA:78,0
DA:79,0
DA:80,0
DA:81,0
DA:82,0
DA:83,0
DA:84,0
DA:85,0
DA:86,0
DA:88,0
DA:89,0
DA:90,0
DA:92,0
DA:93,0
DA:94,0
DA:97,0
DA:98,0
DA:100,0
DA:101,0
DA:103,0
DA:104,0
DA:105,0
DA:106,0
DA:107,0
DA:108,0
DA:109,0
DA:110,0
DA:111,0
DA:112,0
DA:113,0
DA:114,0
DA:116,0
DA:117,0
DA:118,0
DA:119,0
DA:120,0
DA:123,0
DA:124,0
DA:125,0
DA:126,0
DA:127,0
DA:128,0
DA:129,0
DA:131,0
DA:132,0
DA:133,0
DA:136,0
DA:139,0
DA:140,0
DA:141,0
DA:142,0
DA:143,0
DA:158,4
DA:159,4
DA:160,4
DA:164,4
DA:165,4
DA:166,8
DA:168,8
DA:172,8
DA:173,8
DA:183,8
DA:184,2
DA:186,8
DA:187,8
DA:188,0
DA:189,8
DA:190,1
DA:196,8
LF:82
LH:24
BRDA:72,0,0,0
BRDA:72,0,1,0
BRDA:72,1,0,0
BRDA:72,1,1,0
BRDA:84,2,0,0
BRDA:84,2,1,0
BRDA:88,3,0,0
BRDA:88,3,1,0
BRDA:97,4,0,0
BRDA:97,4,1,0
BRDA:100,5,0,0
BRDA:100,5,1,0
BRDA:110,6,0,0
BRDA:110,6,1,0
BRDA:111,7,0,0
BRDA:111,7,1,0
BRDA:112,8,0,0
BRDA:112,8,1,0
BRDA:113,9,0,0
BRDA:113,9,1,0
BRDA:113,10,0,0
BRDA:113,10,1,0
BRDA:116,11,0,0
BRDA:116,11,1,0
BRDA:117,12,0,0
BRDA:117,12,1,0
BRDA:118,13,0,0
BRDA:118,13,1,0
BRDA:118,14,0,0
BRDA:118,14,1,0
BRDA:123,15,0,0
BRDA:123,15,1,0
BRDA:123,16,0,0
BRDA:123,16,1,0
BRDA:123,16,2,0
BRDA:124,17,0,0
BRDA:124,17,1,0
BRDA:125,18,0,0
BRDA:125,18,1,0
BRDA:126,19,0,0
BRDA:126,19,1,0
BRDA:127,20,0,0
BRDA:127,20,1,0
BRDA:128,21,0,0
BRDA:128,21,1,0
BRDA:128,22,0,0
BRDA:128,22,1,0
BRDA:131,23,0,0
BRDA:131,23,1,0
BRDA:131,24,0,0
BRDA:131,24,1,0
BRDA:136,25,0,0
BRDA:136,25,1,0
BRDA:141,26,0,0
BRDA:141,26,1,0
BRDA:160,27,0,0
BRDA:160,27,1,4
BRDA:172,28,0,8
BRDA:172,28,1,6
BRDA:172,28,2,0
BRDA:172,28,3,6
BRDA:176,29,0,1
BRDA:176,29,1,7
BRDA:177,30,0,7
BRDA:177,30,1,1
BRDA:183,31,0,2
BRDA:183,31,1,6
BRDA:183,32,0,8
BRDA:183,32,1,6
BRDA:183,32,2,0
BRDA:184,33,0,2
BRDA:184,33,1,0
BRDA:187,34,0,0
BRDA:187,34,1,8
BRDA:187,35,0,8
BRDA:187,35,1,4
BRDA:187,35,2,1
BRDA:189,36,0,1
BRDA:189,36,1,7
BRDA:189,37,0,8
BRDA:189,37,1,4
BRF:81
BRH:21
end_of_record
